#
# There is insufficient memory for the Java Runtime Environment to continue.
# Native memory allocation (malloc) failed to allocate 1344976 bytes for Chunk::new
# Possible reasons:
#   The system is out of physical RAM or swap space
#   In 32 bit mode, the process size limit was hit
# Possible solutions:
#   Reduce memory load on the system
#   Increase physical memory or swap space
#   Check if swap backing store is full
#   Use 64 bit Java on a 64 bit OS
#   Decrease Java heap size (-Xmx/-Xms)
#   Decrease number of Java threads
#   Decrease Java thread stack sizes (-Xss)
#   Set larger code cache with -XX:ReservedCodeCacheSize=
# This output file may be truncated or incomplete.
#
#  Out of Memory Error (allocation.cpp:390), pid=8332, tid=0x0000000000005d10
#
# JRE version: Java(TM) SE Runtime Environment (8.0_112-b15) (build 1.8.0_112-b15)
# Java VM: Java HotSpot(TM) 64-Bit Server VM (25.112-b15 mixed mode windows-amd64 compressed oops)
# Failed to write core dump. Minidumps are not enabled by default on client versions of Windows
#

---------------  T H R E A D  ---------------

Current thread (0x000000001a3a9800):  JavaThread "C2 CompilerThread0" daemon [_thread_in_native, id=23824, stack(0x000000001aa70000,0x000000001ab70000)]

Stack: [0x000000001aa70000,0x000000001ab70000]
[error occurred during error reporting (printing stack bounds), id 0xc0000005]

Native frames: (J=compiled Java code, j=interpreted, Vv=VM code, C=native code)


Current CompileTask:
C2:13532094 44792       4       com.android.tools.r8.dex.FileWriter::writeCodeItem (502 bytes)


---------------  P R O C E S S  ---------------

Java Threads: ( => current thread )
  0x000000002ba8f000 JavaThread "ForkJoinPool.commonPool-worker-7" daemon [_thread_blocked, id=33452, stack(0x0000000038b00000,0x0000000038c00000)]
  0x000000002ba90000 JavaThread "Cache worker for Java compile cache (D:\android\works\MyEasyUtils\.gradle\4.10.1\javaCompile)" [_thread_blocked, id=33280, stack(0x0000000038900000,0x0000000038a00000)]
  0x000000002ba93800 JavaThread "stdout" daemon [_thread_in_native, id=32728, stack(0x0000000038800000,0x0000000038900000)]
  0x000000002ba91800 JavaThread "stderr" daemon [_thread_in_native, id=28300, stack(0x0000000038700000,0x0000000038800000)]
  0x000000002ba95000 JavaThread "stdout" daemon [_thread_in_native, id=29044, stack(0x0000000038600000,0x0000000038700000)]
  0x000000002ba94800 JavaThread "stderr" daemon [_thread_in_native, id=31300, stack(0x0000000038500000,0x0000000038600000)]
  0x000000001a418000 JavaThread "stdout" daemon [_thread_in_native, id=32540, stack(0x0000000038400000,0x0000000038500000)]
  0x000000001f99f000 JavaThread "stderr" daemon [_thread_in_native, id=32556, stack(0x0000000038300000,0x0000000038400000)]
  0x000000001f99d000 JavaThread "stdout" daemon [_thread_in_native, id=32412, stack(0x0000000038200000,0x0000000038300000)]
  0x000000001f995800 JavaThread "stderr" daemon [_thread_in_native, id=31808, stack(0x0000000038100000,0x0000000038200000)]
  0x000000001f99c000 JavaThread "stdout" daemon [_thread_in_native, id=32244, stack(0x0000000038000000,0x0000000038100000)]
  0x000000001f996000 JavaThread "stderr" daemon [_thread_in_native, id=31516, stack(0x0000000037f00000,0x0000000038000000)]
  0x000000001f994800 JavaThread "stdout" daemon [_thread_in_native, id=30828, stack(0x0000000037e00000,0x0000000037f00000)]
  0x0000000020921800 JavaThread "stderr" daemon [_thread_in_native, id=29408, stack(0x0000000037d00000,0x0000000037e00000)]
  0x0000000020927800 JavaThread "stdout" daemon [_thread_in_native, id=29112, stack(0x0000000037c00000,0x0000000037d00000)]
  0x0000000020926800 JavaThread "stderr" daemon [_thread_in_native, id=26464, stack(0x0000000037b00000,0x0000000037c00000)]
  0x000000002091a000 JavaThread "ForkJoinPool.commonPool-worker-6" daemon [_thread_blocked, id=8784, stack(0x0000000037a00000,0x0000000037b00000)]
  0x0000000020920800 JavaThread "ForkJoinPool.commonPool-worker-5" daemon [_thread_blocked, id=25508, stack(0x0000000037900000,0x0000000037a00000)]
  0x0000000020920000 JavaThread "ForkJoinPool.commonPool-worker-4" daemon [_thread_blocked, id=29276, stack(0x0000000037800000,0x0000000037900000)]
  0x00000000233a0800 JavaThread "pool-118-thread-1" [_thread_blocked, id=32736, stack(0x0000000037700000,0x0000000037800000)]
  0x0000000023397800 JavaThread "ForkJoinPool.commonPool-worker-2" daemon [_thread_blocked, id=32372, stack(0x0000000037500000,0x0000000037600000)]
  0x0000000023397000 JavaThread "ForkJoinPool.commonPool-worker-1" daemon [_thread_blocked, id=32704, stack(0x0000000037400000,0x0000000037500000)]
  0x0000000023395800 JavaThread "Cache worker for Build Output Cleanup Cache (D:\android\works\MyEasyUtils\.gradle\buildOutputCleanup)" [_thread_blocked, id=19428, stack(0x0000000037200000,0x0000000037300000)]
  0x000000002339a000 JavaThread "Cache worker for task history cache (D:\android\works\MyEasyUtils\.gradle\4.10.1\taskHistory)" [_thread_blocked, id=32588, stack(0x0000000037100000,0x0000000037200000)]
  0x000000002dcd7800 JavaThread "Task worker for ':' Thread 7" [_thread_blocked, id=32576, stack(0x0000000037000000,0x0000000037100000)]
  0x000000002dccf000 JavaThread "Task worker for ':' Thread 6" [_thread_blocked, id=28164, stack(0x0000000036f00000,0x0000000037000000)]
  0x000000002dccd800 JavaThread "Task worker for ':' Thread 5" [_thread_blocked, id=15520, stack(0x0000000036e00000,0x0000000036f00000)]
  0x000000002dcce800 JavaThread "Task worker for ':' Thread 4" [_thread_in_native, id=27308, stack(0x0000000036d00000,0x0000000036e00000)]
  0x000000002dcd2000 JavaThread "Task worker for ':' Thread 3" [_thread_blocked, id=15420, stack(0x0000000036c00000,0x0000000036d00000)]
  0x000000002dcd4800 JavaThread "Task worker for ':' Thread 2" [_thread_blocked, id=32696, stack(0x0000000036b00000,0x0000000036c00000)]
  0x000000002dcca800 JavaThread "Task worker for ':'" [_thread_blocked, id=31868, stack(0x0000000036a00000,0x0000000036b00000)]
  0x000000002dccd000 JavaThread "Cache worker for file content cache (D:\android\works\MyEasyUtils\.gradle\4.10.1\fileContent)" [_thread_blocked, id=32268, stack(0x0000000036900000,0x0000000036a00000)]
  0x000000002dcca000 JavaThread "Build operations Thread 8" [_thread_blocked, id=32324, stack(0x0000000036800000,0x0000000036900000)]
  0x000000001c90f800 JavaThread "Build operations Thread 7" [_thread_blocked, id=32084, stack(0x0000000036700000,0x0000000036800000)]
  0x000000001c912800 JavaThread "Build operations Thread 6" [_thread_blocked, id=30944, stack(0x0000000036600000,0x0000000036700000)]
  0x000000001c911800 JavaThread "Build operations Thread 5" [_thread_blocked, id=27812, stack(0x0000000036500000,0x0000000036600000)]
  0x000000001c90a000 JavaThread "Build operations Thread 4" [_thread_blocked, id=30596, stack(0x0000000036400000,0x0000000036500000)]
  0x000000001c909000 JavaThread "Build operations Thread 3" [_thread_blocked, id=32392, stack(0x0000000036300000,0x0000000036400000)]
  0x000000001c907800 JavaThread "Build operations Thread 2" [_thread_blocked, id=32404, stack(0x0000000036200000,0x0000000036300000)]
  0x000000001c90e800 JavaThread "Build operations" [_thread_blocked, id=30004, stack(0x0000000036100000,0x0000000036200000)]
  0x000000001c90d000 JavaThread "Cache worker for cache directory md-rule (D:\android\android_studio_about\.gradle\caches\4.10.1\md-rule)" [_thread_blocked, id=31980, stack(0x0000000036000000,0x0000000036100000)]
  0x000000001c905800 JavaThread "Cache worker for cache directory md-supplier (D:\android\android_studio_about\.gradle\caches\4.10.1\md-supplier)" [_thread_blocked, id=25852, stack(0x0000000035f00000,0x0000000036000000)]
  0x000000001c903000 JavaThread "Cache worker for file hash cache (D:\android\works\MyEasyUtils\.gradle\4.10.1\fileHashes)" [_thread_blocked, id=32624, stack(0x0000000035e00000,0x0000000035f00000)]
  0x000000001cdc4000 JavaThread "Stdin handler" [_thread_blocked, id=32132, stack(0x0000000035d00000,0x0000000035e00000)]
  0x000000001cdbd800 JavaThread "Asynchronous log dispatcher for DefaultDaemonConnection: socket connection from /127.0.0.1:54278 to /127.0.0.1:64489" [_thread_blocked, id=29968, stack(0x0000000035c00000,0x0000000035d00000)]
  0x000000001cdb6000 JavaThread "Daemon worker Thread 19" [_thread_blocked, id=29252, stack(0x0000000035b00000,0x0000000035c00000)]
  0x000000001cdb6800 JavaThread "Cancel handler" [_thread_blocked, id=23300, stack(0x0000000035a00000,0x0000000035b00000)]
  0x000000001cdba800 JavaThread "Handler for socket connection from /127.0.0.1:54278 to /127.0.0.1:64489" [_thread_in_native, id=16704, stack(0x0000000035900000,0x0000000035a00000)]
  0x000000001cdb9000 JavaThread "Daemon Thread 19" [_thread_blocked, id=32232, stack(0x0000000035800000,0x0000000035900000)]
  0x0000000020918800 JavaThread "Cache worker for Java compile cache (D:\android\android_studio_about\.gradle\caches\4.10.1\javaCompile)" [_thread_blocked, id=26836, stack(0x000000002b490000,0x000000002b590000)]
  0x0000000023393000 JavaThread "Java2D Disposer" daemon [_thread_blocked, id=14936, stack(0x000000002a490000,0x000000002a590000)]
  0x000000001f997800 JavaThread "Cache worker for file content cache (D:\android\android_studio_about\.gradle\caches\4.10.1\fileContent)" [_thread_blocked, id=18924, stack(0x0000000029190000,0x0000000029290000)]
  0x000000001a417000 JavaThread "Memory manager" [_thread_blocked, id=26160, stack(0x0000000025300000,0x0000000025400000)]
  0x000000001cdb9800 JavaThread "Cache worker for Artifact transforms cache (D:\android\android_studio_about\.gradle\caches\transforms-1)" [_thread_blocked, id=25720, stack(0x0000000022d80000,0x0000000022e80000)]
  0x000000001a414000 JavaThread "Cache worker for journal cache (D:\android\android_studio_about\.gradle\caches\journal-1)" [_thread_blocked, id=25700, stack(0x000000001fd00000,0x000000001fe00000)]
  0x000000001a419800 JavaThread "File lock request listener" [_thread_in_native, id=25692, stack(0x000000001e9c0000,0x000000001eac0000)]
  0x000000001a416800 JavaThread "Cache worker for file hash cache (D:\android\android_studio_about\.gradle\caches\4.10.1\fileHashes)" [_thread_blocked, id=25688, stack(0x000000001e8c0000,0x000000001e9c0000)]
  0x000000001b5c6000 JavaThread "Daemon periodic checks" [_thread_blocked, id=25624, stack(0x000000001dcc0000,0x000000001ddc0000)]
  0x000000001bca2000 JavaThread "Incoming local TCP Connector on port 54278" [_thread_in_native, id=25620, stack(0x000000001db10000,0x000000001dc10000)]
  0x000000001bcf8800 JavaThread "Daemon health stats" [_thread_blocked, id=25612, stack(0x000000001d810000,0x000000001d910000)]
  0x000000001a494000 JavaThread "Service Thread" daemon [_thread_blocked, id=18012, stack(0x000000001ae70000,0x000000001af70000)]
  0x000000001a415000 JavaThread "C1 CompilerThread3" daemon [_thread_blocked, id=20604, stack(0x000000001ad70000,0x000000001ae70000)]
  0x000000001a408800 JavaThread "C2 CompilerThread2" daemon [_thread_blocked, id=21652, stack(0x000000001ac70000,0x000000001ad70000)]
  0x000000001a403800 JavaThread "C2 CompilerThread1" daemon [_thread_blocked, id=21748, stack(0x000000001ab70000,0x000000001ac70000)]
=>0x000000001a3a9800 JavaThread "C2 CompilerThread0" daemon [_thread_in_native, id=23824, stack(0x000000001aa70000,0x000000001ab70000)]
  0x000000001a3a7800 JavaThread "Attach Listener" daemon [_thread_blocked, id=11452, stack(0x000000001a970000,0x000000001aa70000)]
  0x000000001a3a6800 JavaThread "Signal Dispatcher" daemon [_thread_blocked, id=23188, stack(0x000000001a870000,0x000000001a970000)]
  0x000000001a391800 JavaThread "Finalizer" daemon [_thread_blocked, id=720, stack(0x000000001a770000,0x000000001a870000)]
  0x0000000003439000 JavaThread "Reference Handler" daemon [_thread_blocked, id=21908, stack(0x000000001a270000,0x000000001a370000)]
  0x0000000003342800 JavaThread "main" [_thread_blocked, id=24972, stack(0x0000000003160000,0x0000000003260000)]

Other Threads:
  0x00000000184a9800 VMThread [stack: 0x000000001a170000,0x000000001a270000] [id=1340]
  0x000000001a529800 WatcherThread [stack: 0x000000001af70000,0x000000001b070000] [id=1448]

VM state:not at safepoint (normal execution)

VM Mutex/Monitor currently owned by a thread: None

Heap:
 PSYoungGen      total 540672K, used 427726K [0x00000000d5580000, 0x00000000f8980000, 0x0000000100000000)
  eden space 508928K, 80% used [0x00000000d5580000,0x00000000ee584218,0x00000000f4680000)
  from space 31744K, 57% used [0x00000000f6a80000,0x00000000f7c2f6f0,0x00000000f8980000)
  to   space 34304K, 0% used [0x00000000f4680000,0x00000000f4680000,0x00000000f6800000)
 ParOldGen       total 466944K, used 80040K [0x0000000080000000, 0x000000009c800000, 0x00000000d5580000)
  object space 466944K, 17% used [0x0000000080000000,0x0000000084e2a3f0,0x000000009c800000)
 Metaspace       used 147674K, capacity 160814K, committed 164416K, reserved 1191936K
  class space    used 18687K, capacity 21588K, committed 22376K, reserved 1048576K

Card table byte_map: [0x0000000012800000,0x0000000012c10000] byte_map_base: 0x0000000012400000

Marking Bits: (ParMarkBitMap*) 0x000000005736a6d0
 Begin Bits: [0x00000000136c0000, 0x00000000156c0000)
 End Bits:   [0x00000000156c0000, 0x00000000176c0000)

Polling page: 0x0000000001420000

CodeCache: size=245760Kb used=120283Kb max_used=120469Kb free=125476Kb
 bounds [0x0000000003440000, 0x000000000aab0000, 0x0000000012440000]
 total_blobs=34788 nmethods=33769 adapters=927
 compilation: enabled

Compilation events (10 events):
Event: 13530.657 Thread 0x000000001a415000 44837 % !   3       java.util.concurrent.ForkJoinPool::tryTerminate @ 361 (559 bytes)
Event: 13530.659 Thread 0x000000001a408800 nmethod 44815 0x00000000087ce790 code [0x00000000087ce8e0, 0x00000000087ce9b8]
Event: 13530.659 Thread 0x000000001a408800 44834       4       com.android.tools.r8.dex.FileWriter$$Lambda$1874/1278025400::accept (12 bytes)
Event: 13530.661 Thread 0x000000001a415000 nmethod 44837% 0x0000000009e80950 code [0x0000000009e80c20, 0x0000000009e82428]
Event: 13530.666 Thread 0x000000001a403800 nmethod 44832 0x0000000009699b50 code [0x0000000009699e20, 0x000000000969bd98]
Event: 13530.666 Thread 0x000000001a403800 44835       4       com.android.tools.r8.dex.FileWriter::writeFieldItem (115 bytes)
Event: 13530.693 Thread 0x000000001a408800 nmethod 44834 0x0000000009695450 code [0x0000000009695700, 0x0000000009696cf8]
Event: 13530.693 Thread 0x000000001a408800 44816       4       com.android.tools.r8.graph.DexValue$DexValueArray::hashCode (8 bytes)
Event: 13530.696 Thread 0x000000001a408800 nmethod 44816 0x00000000086bc010 code [0x00000000086bc160, 0x00000000086bc2d8]
Event: 13530.698 Thread 0x000000001a403800 nmethod 44835 0x0000000009691410 code [0x00000000096916c0, 0x0000000009692bf8]

GC Heap History (10 events):
Event: 13524.421 GC heap before
{Heap before GC invocations=69 (full 5):
 PSYoungGen      total 387072K, used 368082K [0x00000000d5580000, 0x00000000f1c00000, 0x0000000100000000)
  eden space 346112K, 100% used [0x00000000d5580000,0x00000000ea780000,0x00000000ea780000)
  from space 40960K, 53% used [0x00000000ea780000,0x00000000ebcf49d8,0x00000000ecf80000)
  to   space 39936K, 0% used [0x00000000ef500000,0x00000000ef500000,0x00000000f1c00000)
 ParOldGen       total 466944K, used 80032K [0x0000000080000000, 0x000000009c800000, 0x00000000d5580000)
  object space 466944K, 17% used [0x0000000080000000,0x0000000084e283f0,0x000000009c800000)
 Metaspace       used 147392K, capacity 160558K, committed 164160K, reserved 1191936K
  class space    used 18687K, capacity 21588K, committed 22376K, reserved 1048576K
Event: 13524.442 GC heap after
Heap after GC invocations=69 (full 5):
 PSYoungGen      total 426496K, used 20958K [0x00000000d5580000, 0x00000000f2080000, 0x0000000100000000)
  eden space 386560K, 0% used [0x00000000d5580000,0x00000000d5580000,0x00000000ecf00000)
  from space 39936K, 52% used [0x00000000ef500000,0x00000000f0977850,0x00000000f1c00000)
  to   space 38912K, 0% used [0x00000000ecf00000,0x00000000ecf00000,0x00000000ef500000)
 ParOldGen       total 466944K, used 80040K [0x0000000080000000, 0x000000009c800000, 0x00000000d5580000)
  object space 466944K, 17% used [0x0000000080000000,0x0000000084e2a3f0,0x000000009c800000)
 Metaspace       used 147392K, capacity 160558K, committed 164160K, reserved 1191936K
  class space    used 18687K, capacity 21588K, committed 22376K, reserved 1048576K
}
Event: 13524.910 GC heap before
{Heap before GC invocations=70 (full 5):
 PSYoungGen      total 426496K, used 407518K [0x00000000d5580000, 0x00000000f2080000, 0x0000000100000000)
  eden space 386560K, 100% used [0x00000000d5580000,0x00000000ecf00000,0x00000000ecf00000)
  from space 39936K, 52% used [0x00000000ef500000,0x00000000f0977850,0x00000000f1c00000)
  to   space 38912K, 0% used [0x00000000ecf00000,0x00000000ecf00000,0x00000000ef500000)
 ParOldGen       total 466944K, used 80040K [0x0000000080000000, 0x000000009c800000, 0x00000000d5580000)
  object space 466944K, 17% used [0x0000000080000000,0x0000000084e2a3f0,0x000000009c800000)
 Metaspace       used 147405K, capacity 160558K, committed 164160K, reserved 1191936K
  class space    used 18687K, capacity 21588K, committed 22376K, reserved 1048576K
Event: 13524.928 GC heap after
Heap after GC invocations=70 (full 5):
 PSYoungGen      total 425472K, used 20985K [0x00000000d5580000, 0x00000000f4d00000, 0x0000000100000000)
  eden space 386560K, 0% used [0x00000000d5580000,0x00000000d5580000,0x00000000ecf00000)
  from space 38912K, 53% used [0x00000000ecf00000,0x00000000ee37e6c8,0x00000000ef500000)
  to   space 37888K, 0% used [0x00000000f2800000,0x00000000f2800000,0x00000000f4d00000)
 ParOldGen       total 466944K, used 80040K [0x0000000080000000, 0x000000009c800000, 0x00000000d5580000)
  object space 466944K, 17% used [0x0000000080000000,0x0000000084e2a3f0,0x000000009c800000)
 Metaspace       used 147405K, capacity 160558K, committed 164160K, reserved 1191936K
  class space    used 18687K, capacity 21588K, committed 22376K, reserved 1048576K
}
Event: 13525.476 GC heap before
{Heap before GC invocations=71 (full 5):
 PSYoungGen      total 425472K, used 407545K [0x00000000d5580000, 0x00000000f4d00000, 0x0000000100000000)
  eden space 386560K, 100% used [0x00000000d5580000,0x00000000ecf00000,0x00000000ecf00000)
  from space 38912K, 53% used [0x00000000ecf00000,0x00000000ee37e6c8,0x00000000ef500000)
  to   space 37888K, 0% used [0x00000000f2800000,0x00000000f2800000,0x00000000f4d00000)
 ParOldGen       total 466944K, used 80040K [0x0000000080000000, 0x000000009c800000, 0x00000000d5580000)
  object space 466944K, 17% used [0x0000000080000000,0x0000000084e2a3f0,0x000000009c800000)
 Metaspace       used 147536K, capacity 160686K, committed 164160K, reserved 1191936K
  class space    used 18687K, capacity 21588K, committed 22376K, reserved 1048576K
Event: 13525.509 GC heap after
Heap after GC invocations=71 (full 5):
 PSYoungGen      total 479232K, used 18045K [0x00000000d5580000, 0x00000000f4d80000, 0x0000000100000000)
  eden space 441344K, 0% used [0x00000000d5580000,0x00000000d5580000,0x00000000f0480000)
  from space 37888K, 47% used [0x00000000f2800000,0x00000000f399f420,0x00000000f4d00000)
  to   space 36352K, 0% used [0x00000000f0480000,0x00000000f0480000,0x00000000f2800000)
 ParOldGen       total 466944K, used 80040K [0x0000000080000000, 0x000000009c800000, 0x00000000d5580000)
  object space 466944K, 17% used [0x0000000080000000,0x0000000084e2a3f0,0x000000009c800000)
 Metaspace       used 147536K, capacity 160686K, committed 164160K, reserved 1191936K
  class space    used 18687K, capacity 21588K, committed 22376K, reserved 1048576K
}
Event: 13526.013 GC heap before
{Heap before GC invocations=72 (full 5):
 PSYoungGen      total 479232K, used 459389K [0x00000000d5580000, 0x00000000f4d80000, 0x0000000100000000)
  eden space 441344K, 100% used [0x00000000d5580000,0x00000000f0480000,0x00000000f0480000)
  from space 37888K, 47% used [0x00000000f2800000,0x00000000f399f420,0x00000000f4d00000)
  to   space 36352K, 0% used [0x00000000f0480000,0x00000000f0480000,0x00000000f2800000)
 ParOldGen       total 466944K, used 80040K [0x0000000080000000, 0x000000009c800000, 0x00000000d5580000)
  object space 466944K, 17% used [0x0000000080000000,0x0000000084e2a3f0,0x000000009c800000)
 Metaspace       used 147567K, capacity 160686K, committed 164160K, reserved 1191936K
  class space    used 18687K, capacity 21588K, committed 22376K, reserved 1048576K
Event: 13526.050 GC heap after
Heap after GC invocations=72 (full 5):
 PSYoungGen      total 477696K, used 21946K [0x00000000d5580000, 0x00000000f8d80000, 0x0000000100000000)
  eden space 441344K, 0% used [0x00000000d5580000,0x00000000d5580000,0x00000000f0480000)
  from space 36352K, 60% used [0x00000000f0480000,0x00000000f19eeb28,0x00000000f2800000)
  to   space 35840K, 0% used [0x00000000f6a80000,0x00000000f6a80000,0x00000000f8d80000)
 ParOldGen       total 466944K, used 80040K [0x0000000080000000, 0x000000009c800000, 0x00000000d5580000)
  object space 466944K, 17% used [0x0000000080000000,0x0000000084e2a3f0,0x000000009c800000)
 Metaspace       used 147567K, capacity 160686K, committed 164160K, reserved 1191936K
  class space    used 18687K, capacity 21588K, committed 22376K, reserved 1048576K
}
Event: 13526.766 GC heap before
{Heap before GC invocations=73 (full 5):
 PSYoungGen      total 477696K, used 463270K [0x00000000d5580000, 0x00000000f8d80000, 0x0000000100000000)
  eden space 441344K, 99% used [0x00000000d5580000,0x00000000f047ada0,0x00000000f0480000)
  from space 36352K, 60% used [0x00000000f0480000,0x00000000f19eeb28,0x00000000f2800000)
  to   space 35840K, 0% used [0x00000000f6a80000,0x00000000f6a80000,0x00000000f8d80000)
 ParOldGen       total 466944K, used 80040K [0x0000000080000000, 0x000000009c800000, 0x00000000d5580000)
  object space 466944K, 17% used [0x0000000080000000,0x0000000084e2a3f0,0x000000009c800000)
 Metaspace       used 147637K, capacity 160750K, committed 164160K, reserved 1191936K
  class space    used 18687K, capacity 21588K, committed 22376K, reserved 1048576K
Event: 13526.790 GC heap after
Heap after GC invocations=73 (full 5):
 PSYoungGen      total 540672K, used 18109K [0x00000000d5580000, 0x00000000f8980000, 0x0000000100000000)
  eden space 508928K, 0% used [0x00000000d5580000,0x00000000d5580000,0x00000000f4680000)
  from space 31744K, 57% used [0x00000000f6a80000,0x00000000f7c2f6f0,0x00000000f8980000)
  to   space 34304K, 0% used [0x00000000f4680000,0x00000000f4680000,0x00000000f6800000)
 ParOldGen       total 466944K, used 80040K [0x0000000080000000, 0x000000009c800000, 0x00000000d5580000)
  object space 466944K, 17% used [0x0000000080000000,0x0000000084e2a3f0,0x000000009c800000)
 Metaspace       used 147637K, capacity 160750K, committed 164160K, reserved 1191936K
  class space    used 18687K, capacity 21588K, committed 22376K, reserved 1048576K
}

Deoptimization events (10 events):
Event: 13526.717 Thread 0x00000000233a2000 Uncommon trap: reason=unstable_if action=reinterpret pc=0x0000000008f0d084 method=com.android.tools.r8.ir.regalloc.LinearScanRegisterAllocator.allocateSingleInterval(Lcom/android/tools/r8/ir/regalloc/LiveIntervals;Lcom/android/tools/r8/ir/regalloc/LinearS
Event: 13529.519 Thread 0x000000002dcce800 Uncommon trap: reason=array_check action=maybe_recompile pc=0x000000000581a4e8 method=com.google.common.collect.ImmutableSortedMap.fromEntries(Ljava/util/Comparator;ZI[Ljava/util/Map$Entry;)Lcom/google/common/collect/ImmutableSortedMap; @ 35
Event: 13529.523 Thread 0x000000002dcce800 Uncommon trap: reason=array_check action=maybe_recompile pc=0x000000000581a4e8 method=com.google.common.collect.ImmutableSortedMap.fromEntries(Ljava/util/Comparator;ZI[Ljava/util/Map$Entry;)Lcom/google/common/collect/ImmutableSortedMap; @ 35
Event: 13529.906 Thread 0x000000002ba9b000 Uncommon trap: reason=unloaded action=reinterpret pc=0x0000000008be59b8 method=com.android.tools.r8.code.BaseInstructionFactory.create(IILcom/android/tools/r8/code/BytecodeStream;Lcom/android/tools/r8/graph/OffsetToObjectMapping;)Lcom/android/tools/r8/cod
Event: 13530.307 Thread 0x000000002ba99800 Uncommon trap: reason=class_check action=maybe_recompile pc=0x0000000008bd1d48 method=com.android.tools.r8.graph.ParameterAnnotationsList.collectMixedSectionItems(Lcom/android/tools/r8/dex/MixedSectionCollection;)V @ 10
Event: 13530.307 Thread 0x000000002ba99800 Uncommon trap: reason=class_check action=maybe_recompile pc=0x0000000008bd1d48 method=com.android.tools.r8.graph.ParameterAnnotationsList.collectMixedSectionItems(Lcom/android/tools/r8/dex/MixedSectionCollection;)V @ 10
Event: 13530.308 Thread 0x000000002ba99800 Uncommon trap: reason=class_check action=maybe_recompile pc=0x0000000008bd1d48 method=com.android.tools.r8.graph.ParameterAnnotationsList.collectMixedSectionItems(Lcom/android/tools/r8/dex/MixedSectionCollection;)V @ 10
Event: 13530.308 Thread 0x000000002ba99800 Uncommon trap: reason=class_check action=maybe_recompile pc=0x0000000008bd1d48 method=com.android.tools.r8.graph.ParameterAnnotationsList.collectMixedSectionItems(Lcom/android/tools/r8/dex/MixedSectionCollection;)V @ 10
Event: 13530.449 Thread 0x000000002ba99800 Uncommon trap: reason=unstable_if action=reinterpret pc=0x00000000077a9420 method=com.android.tools.r8.dex.DexOutputBuffer.ensureSpaceFor(I)V @ 8
Event: 13530.609 Thread 0x000000002ba99800 Uncommon trap: reason=unstable_if action=reinterpret pc=0x000000000aa979f8 method=com.android.tools.r8.dex.FileWriter$MixedSectionOffsets.lookup(Ljava/lang/Object;Lcom/android/tools/r8/it/unimi/dsi/fastutil/objects/Object2IntMap;)I @ 1

Internal exceptions (10 events):
Event: 13527.516 Thread 0x00000000233a2000 Exception <a 'sun/nio/fs/WindowsException'> (0x00000000e337e8f0) thrown at [C:\re\workspace\8-2-build-windows-amd64-cygwin\jdk8u112\7884\hotspot\src\share\vm\prims\jni.cpp, line 709]
Event: 13527.518 Thread 0x00000000233a2000 Exception <a 'sun/nio/fs/WindowsException'> (0x00000000e33834a0) thrown at [C:\re\workspace\8-2-build-windows-amd64-cygwin\jdk8u112\7884\hotspot\src\share\vm\prims\jni.cpp, line 709]
Event: 13527.521 Thread 0x00000000233a2000 Exception <a 'sun/nio/fs/WindowsException'> (0x00000000e338ad48) thrown at [C:\re\workspace\8-2-build-windows-amd64-cygwin\jdk8u112\7884\hotspot\src\share\vm\prims\jni.cpp, line 709]
Event: 13527.524 Thread 0x00000000233a2000 Exception <a 'sun/nio/fs/WindowsException'> (0x00000000e338ff90) thrown at [C:\re\workspace\8-2-build-windows-amd64-cygwin\jdk8u112\7884\hotspot\src\share\vm\prims\jni.cpp, line 709]
Event: 13527.526 Thread 0x00000000233a2000 Exception <a 'sun/nio/fs/WindowsException'> (0x00000000e33952b8) thrown at [C:\re\workspace\8-2-build-windows-amd64-cygwin\jdk8u112\7884\hotspot\src\share\vm\prims\jni.cpp, line 709]
Event: 13527.528 Thread 0x00000000233a2000 Exception <a 'sun/nio/fs/WindowsException'> (0x00000000e35dd420) thrown at [C:\re\workspace\8-2-build-windows-amd64-cygwin\jdk8u112\7884\hotspot\src\share\vm\prims\jni.cpp, line 709]
Event: 13529.636 Thread 0x000000002dcce800 Exception <a 'sun/nio/fs/WindowsException'> (0x00000000e53a0a28) thrown at [C:\re\workspace\8-2-build-windows-amd64-cygwin\jdk8u112\7884\hotspot\src\share\vm\prims\jni.cpp, line 709]
Event: 13529.796 Thread 0x000000002dcce800 Exception <a 'sun/nio/fs/WindowsException'> (0x00000000e626e8b8) thrown at [C:\re\workspace\8-2-build-windows-amd64-cygwin\jdk8u112\7884\hotspot\src\share\vm\prims\jni.cpp, line 709]
Event: 13530.609 Thread 0x000000002ba99800 Implicit null exception at 0x000000000aa9772c to 0x000000000aa979e5
Event: 13530.649 Thread 0x000000002ba99800 Exception <a 'sun/nio/fs/WindowsException'> (0x00000000ee333c18) thrown at [C:\re\workspace\8-2-build-windows-amd64-cygwin\jdk8u112\7884\hotspot\src\share\vm\prims\jni.cpp, line 709]

Events (10 events):
Event: 13530.658 Executing VM operation: RevokeBias
Event: 13530.659 Executing VM operation: RevokeBias done
Event: 13530.659 Thread 0x000000002ba99800 Thread exited: 0x000000002ba99800
Event: 13530.659 Thread 0x000000002ba9b000 Thread exited: 0x000000002ba9b000
Event: 13530.659 Thread 0x000000002ba9a800 Thread exited: 0x000000002ba9a800
Event: 13530.659 Thread 0x000000002ba93000 Thread exited: 0x000000002ba93000
Event: 13530.659 Thread 0x000000002ba9c000 Thread exited: 0x000000002ba9c000
Event: 13530.659 Thread 0x000000002ba92000 Thread exited: 0x000000002ba92000
Event: 13530.660 Thread 0x000000002ba9d800 Thread exited: 0x000000002ba9d800
Event: 13530.660 Thread 0x000000002ba98000 Thread exited: 0x000000002ba98000


Dynamic libraries:
0x00007ff6b2fa0000 - 0x00007ff6b2fd7000 	C:\Program Files\Java\jdk1.8.0_112\bin\java.exe
0x00007ffffc450000 - 0x00007ffffc631000 	C:\WINDOWS\SYSTEM32\ntdll.dll
0x00007ffffb420000 - 0x00007ffffb4d1000 	C:\WINDOWS\System32\KERNEL32.DLL
0x00007ffff9010000 - 0x00007ffff9283000 	C:\WINDOWS\System32\KERNELBASE.dll
0x00007ffffb370000 - 0x00007ffffb411000 	C:\WINDOWS\System32\ADVAPI32.dll
0x00007ffffb750000 - 0x00007ffffb7ee000 	C:\WINDOWS\System32\msvcrt.dll
0x00007ffffb590000 - 0x00007ffffb5eb000 	C:\WINDOWS\System32\sechost.dll
0x00007ffffbe30000 - 0x00007ffffbf54000 	C:\WINDOWS\System32\RPCRT4.dll
0x00007ffffc280000 - 0x00007ffffc410000 	C:\WINDOWS\System32\USER32.dll
0x00007ffff9430000 - 0x00007ffff9450000 	C:\WINDOWS\System32\win32u.dll
0x00007ffffc180000 - 0x00007ffffc1a8000 	C:\WINDOWS\System32\GDI32.dll
0x00007ffff9290000 - 0x00007ffff9421000 	C:\WINDOWS\System32\gdi32full.dll
0x00007ffff8810000 - 0x00007ffff88af000 	C:\WINDOWS\System32\msvcp_win.dll
0x00007ffff97d0000 - 0x00007ffff98c8000 	C:\WINDOWS\System32\ucrtbase.dll
0x00007fffe1500000 - 0x00007fffe1769000 	C:\WINDOWS\WinSxS\amd64_microsoft.windows.common-controls_6595b64144ccf1df_6.0.17134.1006_none_d3fbb8f77c940c3f\COMCTL32.dll
0x00007ffff9bc0000 - 0x00007ffff9ee1000 	C:\WINDOWS\System32\combase.dll
0x00007ffff9450000 - 0x00007ffff94c9000 	C:\WINDOWS\System32\bcryptPrimitives.dll
0x00007ffff9ef0000 - 0x00007ffff9f1d000 	C:\WINDOWS\System32\IMM32.DLL
0x0000000057f00000 - 0x0000000057fd2000 	C:\Program Files\Java\jdk1.8.0_112\jre\bin\msvcr100.dll
0x0000000056b50000 - 0x00000000573ea000 	C:\Program Files\Java\jdk1.8.0_112\jre\bin\server\jvm.dll
0x00007ffffbfc0000 - 0x00007ffffbfc8000 	C:\WINDOWS\System32\PSAPI.DLL
0x00007ffff3610000 - 0x00007ffff3633000 	C:\WINDOWS\SYSTEM32\WINMM.dll
0x00007ffff3ce0000 - 0x00007ffff3cea000 	C:\WINDOWS\SYSTEM32\VERSION.dll
0x00007fffe3360000 - 0x00007fffe3369000 	C:\WINDOWS\SYSTEM32\WSOCK32.dll
0x00007ffffbfd0000 - 0x00007ffffc03c000 	C:\WINDOWS\System32\WS2_32.dll
0x00007ffff3520000 - 0x00007ffff354a000 	C:\WINDOWS\SYSTEM32\winmmbase.dll
0x00007ffff88b0000 - 0x00007ffff88f9000 	C:\WINDOWS\System32\cfgmgr32.dll
0x00000000593b0000 - 0x00000000593bf000 	C:\Program Files\Java\jdk1.8.0_112\jre\bin\verify.dll
0x0000000057ed0000 - 0x0000000057ef9000 	C:\Program Files\Java\jdk1.8.0_112\jre\bin\java.dll
0x0000000057eb0000 - 0x0000000057ec6000 	C:\Program Files\Java\jdk1.8.0_112\jre\bin\zip.dll
0x00007ffff9f20000 - 0x00007ffffb362000 	C:\WINDOWS\System32\SHELL32.dll
0x00007ffffb4e0000 - 0x00007ffffb589000 	C:\WINDOWS\System32\shcore.dll
0x00007ffff8900000 - 0x00007ffff900e000 	C:\WINDOWS\System32\windows.storage.dll
0x00007ffffbf60000 - 0x00007ffffbfb1000 	C:\WINDOWS\System32\shlwapi.dll
0x00007ffff87f0000 - 0x00007ffff8801000 	C:\WINDOWS\System32\kernel.appcore.dll
0x00007ffff87d0000 - 0x00007ffff87ef000 	C:\WINDOWS\System32\profapi.dll
0x00007ffff8760000 - 0x00007ffff87ac000 	C:\WINDOWS\System32\powrprof.dll
0x00007ffff8750000 - 0x00007ffff875a000 	C:\WINDOWS\System32\FLTLIB.DLL
0x0000000057e90000 - 0x0000000057eaa000 	C:\Program Files\Java\jdk1.8.0_112\jre\bin\net.dll
0x00007ffff7fd0000 - 0x00007ffff8036000 	C:\WINDOWS\system32\mswsock.dll
0x0000000057e70000 - 0x0000000057e81000 	C:\Program Files\Java\jdk1.8.0_112\jre\bin\nio.dll
0x00007ffff0e10000 - 0x00007ffff0e2e000 	D:\android\android_studio_about\.gradle\native\25\windows-amd64\native-platform.dll
0x00000000593a0000 - 0x00000000593ad000 	C:\Program Files\Java\jdk1.8.0_112\jre\bin\management.dll
0x00007ffff8180000 - 0x00007ffff8197000 	C:\WINDOWS\SYSTEM32\CRYPTSP.dll
0x00007ffff7b80000 - 0x00007ffff7bb3000 	C:\WINDOWS\system32\rsaenh.dll
0x00007ffff82b0000 - 0x00007ffff82d5000 	C:\WINDOWS\SYSTEM32\bcrypt.dll
0x00007ffff8650000 - 0x00007ffff8678000 	C:\WINDOWS\SYSTEM32\USERENV.dll
0x00007ffff81a0000 - 0x00007ffff81ab000 	C:\WINDOWS\SYSTEM32\CRYPTBASE.dll
0x00007ffff7d20000 - 0x00007ffff7d58000 	C:\WINDOWS\SYSTEM32\IPHLPAPI.DLL
0x00007ffffb9d0000 - 0x00007ffffb9d8000 	C:\WINDOWS\System32\NSI.dll
0x00007ffff2580000 - 0x00007ffff2596000 	C:\WINDOWS\SYSTEM32\dhcpcsvc6.DLL
0x00007ffff27f0000 - 0x00007ffff280a000 	C:\WINDOWS\SYSTEM32\dhcpcsvc.DLL
0x0000000059580000 - 0x0000000059718000 	C:\Program Files\Java\jdk1.8.0_112\jre\bin\awt.dll
0x00007ffffc1b0000 - 0x00007ffffc272000 	C:\WINDOWS\System32\OLEAUT32.dll
0x00007ffff6a90000 - 0x00007ffff6b1b000 	C:\WINDOWS\SYSTEM32\apphelp.dll
0x00007ffff6ea0000 - 0x00007ffff6ec9000 	C:\WINDOWS\system32\DWMAPI.DLL
0x00007ffff6bc0000 - 0x00007ffff6c58000 	C:\WINDOWS\system32\uxtheme.dll
0x0000000059550000 - 0x000000005957a000 	C:\Program Files\Java\jdk1.8.0_112\jre\bin\dcpr.dll
0x0000000056b20000 - 0x0000000056b44000 	C:\Program Files\Java\jdk1.8.0_112\jre\bin\sunec.dll
0x00007fffe3b90000 - 0x00007fffe3c9d000 	C:\WINDOWS\SysWOW64\ierd_tgp_lsp64.dll
0x00007ffffb5f0000 - 0x00007ffffb741000 	C:\WINDOWS\System32\ole32.dll
0x00007ffff7d60000 - 0x00007ffff7e1e000 	C:\WINDOWS\SYSTEM32\DNSAPI.dll
0x00007fffea380000 - 0x00007fffea38a000 	C:\Windows\System32\rasadhlp.dll
0x00007fffea740000 - 0x00007fffea7b2000 	C:\WINDOWS\System32\fwpuclnt.dll
0x0000000059730000 - 0x000000005973b000 	C:\Program Files\Java\jdk1.8.0_112\jre\bin\sunmscapi.dll
0x00007ffff95e0000 - 0x00007ffff97c2000 	C:\WINDOWS\System32\CRYPT32.dll
0x00007ffff87b0000 - 0x00007ffff87c2000 	C:\WINDOWS\System32\MSASN1.dll
0x00007ffff7810000 - 0x00007ffff7841000 	C:\WINDOWS\SYSTEM32\ntmarta.dll

VM Arguments:
jvm_args: -XX:MaxPermSize=512m -XX:+HeapDumpOnOutOfMemoryError -Xmx2048m -Dfile.encoding=UTF-8 -Duser.country=CN -Duser.language=zh -Duser.variant 
java_command: org.gradle.launcher.daemon.bootstrap.GradleDaemon 4.10.1
java_class_path (initial): D:\android\android_studio_about\.gradle\wrapper\dists\gradle-4.10.1-all\455itskqi2qtf0v2sja68alqd\gradle-4.10.1\lib\gradle-launcher-4.10.1.jar
Launcher Type: SUN_STANDARD

Environment Variables:
JAVA_HOME=C:\Program Files\Java\jdk1.8.0_112
CLASSPATH=.;%JAVA_HOME%\lib\dt.jar;%JAVA_HOME%\lib\tools.jar
PATH=D:\Python\Scripts\;D:\Python\;C:\ProgramData\Oracle\Java\javapath;C:\Program Files (x86)\Intel\iCLS Client\;C:\Program Files\Intel\iCLS Client\;C:\Windows\system32;C:\Windows;C:\Windows\System32\Wbem;C:\Windows\System32\WindowsPowerShell\v1.0\;C:\Program Files (x86)\Intel\Intel(R) Management Engine Components\DAL;C:\Program Files\Intel\Intel(R) Management Engine Components\DAL;C:\Program Files (x86)\Intel\Intel(R) Management Engine Components\IPT;C:\Program Files\Intel\Intel(R) Management Engine Components\IPT;C:\svn\bin;C:\Program Files\Java\jdk1.8.0_112\bin;C:\WINDOWS\system32;C:\WINDOWS;C:\WINDOWS\System32\Wbem;C:\WINDOWS\System32\WindowsPowerShell\v1.0\;C:\SDK\ndk-bundle;C:\Program Files (x86)\NVIDIA Corporation\PhysX\Common;C:\Git\bin;C:\lol\TGP\tgp_daemon.exe;D:\Python_2.7\;C:\Program Files\Java\jdk1.8.0_112;C:\Program Files\Java\jdk1.8.0_112\bin;C:\Program Files\Java\jdk1.8.0_112\jre\bin;E:\SDK\tools;E:\SDK\platform-tools;C:\WINDOWS\system32;C:\WINDOWS;C:\WINDOWS\System32\Wbem;C:\WINDOWS\System32\WindowsPowerShell\v1.0\;C:\Program Files\MySQL\MySQL Server 5.7\bin;;C:\WINDOWS\System32\OpenSSH\;C:\Program Files\Intel\WiFi\bin\;C:\Program Files\Common Files\Intel\WirelessCommon\;C:\Program Files\NVIDIA Corporation\NVIDIA NvDLISR;D:\node\;C:\Sun\AppServer\bin;C:\Users\Jiang\AppData\Local\Microsoft\WindowsApps;C:\Program Files\Intel\WiFi\bin\;C:\Program Files\Common Files\Intel\WirelessCommon\;C:\Users\Jiang\AppData\Local\Programs\Fiddler;D:\android\flutter\flutter\bin;;D:\Microsoft VS Code\bin;C:\Users\Jiang\AppData\Roaming\npm;D:\huawei\ide\Huawei FastApp IDE\bin
USERNAME=Jiang
OS=Windows_NT
PROCESSOR_IDENTIFIER=Intel64 Family 6 Model 94 Stepping 3, GenuineIntel



---------------  S Y S T E M  ---------------

OS: Windows 10.0 , 64 bit Build 17134 (10.0.17134.753)

CPU:total 8 (4 cores per cpu, 2 threads per core) family 6 model 94 stepping 3, cmov, cx8, fxsr, mmx, sse, sse2, sse3, ssse3, sse4.1, sse4.2, popcnt, avx, avx2, aes, clmul, erms, rtm, 3dnowpref, lzcnt, ht, tsc, tscinvbit, bmi1, bmi2, adx

Memory: 4k page, physical 16692748k(2599528k free), swap 16692748k(3468k free)

vm_info: Java HotSpot(TM) 64-Bit Server VM (25.112-b15) for windows-amd64 JRE (1.8.0_112-b15), built on Sep 22 2016 21:31:56 by "java_re" with MS VC++ 10.0 (VS2010)

time: Tue Sep 17 17:59:25 2019
elapsed time: 13530 seconds (0d 3h 45m 30s)

